TN:
SF:/home/novak/testing/PSAngularUnitTestingCourse/src/polyfills.ts
FNF:0
FNH:0
DA:46,1
DA:60,1
LF:2
LH:2
BRF:0
BRH:0
end_of_record
TN:
SF:/home/novak/testing/PSAngularUnitTestingCourse/src/test.ts
FN:20,(anonymous_0)
FNF:1
FNH:1
FNDA:1,(anonymous_0)
DA:3,1
DA:4,1
DA:5,1
DA:6,1
DA:7,1
DA:8,1
DA:9,1
DA:10,1
DA:20,1
DA:23,1
DA:28,1
DA:30,1
DA:32,1
LF:13
LH:13
BRF:0
BRH:0
end_of_record
TN:
SF:/home/novak/testing/PSAngularUnitTestingCourse/src/app/hero.service.ts
FN:15,(anonymous_2)
FN:19,HeroService
FN:24,(anonymous_4)
FN:27,(anonymous_5)
FN:33,(anonymous_6)
FN:37,(anonymous_7)
FN:38,(anonymous_8)
FN:47,(anonymous_9)
FN:50,(anonymous_10)
FN:56,(anonymous_11)
FN:62,(anonymous_12)
FN:70,(anonymous_13)
FN:72,(anonymous_14)
FN:78,(anonymous_15)
FN:83,(anonymous_16)
FN:89,(anonymous_17)
FN:91,(anonymous_18)
FN:102,(anonymous_19)
FN:103,(anonymous_20)
FN:117,(anonymous_21)
FNF:20
FNH:6
FNDA:1,(anonymous_2)
FNDA:1,HeroService
FNDA:0,(anonymous_4)
FNDA:0,(anonymous_5)
FNDA:0,(anonymous_6)
FNDA:0,(anonymous_7)
FNDA:0,(anonymous_8)
FNDA:1,(anonymous_9)
FNDA:1,(anonymous_10)
FNDA:0,(anonymous_11)
FNDA:0,(anonymous_12)
FNDA:0,(anonymous_13)
FNDA:0,(anonymous_14)
FNDA:0,(anonymous_15)
FNDA:0,(anonymous_16)
FNDA:0,(anonymous_17)
FNDA:0,(anonymous_18)
FNDA:1,(anonymous_19)
FNDA:0,(anonymous_20)
FNDA:1,(anonymous_21)
DA:1,1
DA:2,1
DA:4,1
DA:5,1
DA:8,1
DA:10,1
DA:15,1
DA:17,1
DA:20,1
DA:21,1
DA:24,1
DA:25,0
DA:27,0
DA:33,1
DA:34,0
DA:35,0
DA:37,0
DA:39,0
DA:40,0
DA:47,1
DA:48,1
DA:49,1
DA:50,1
DA:56,1
DA:57,0
DA:59,0
DA:61,0
DA:62,0
DA:70,1
DA:71,0
DA:72,0
DA:78,1
DA:79,0
DA:80,0
DA:82,0
DA:83,0
DA:89,1
DA:90,0
DA:91,0
DA:102,1
DA:103,1
DA:106,0
DA:109,0
DA:112,0
DA:117,1
DA:118,1
DA:120,1
LF:47
LH:25
BRDA:39,0,0,0
BRDA:39,0,1,0
BRDA:57,1,0,0
BRDA:57,1,1,0
BRDA:79,2,0,0
BRDA:79,2,1,0
BRDA:102,3,0,0
BRDA:102,3,1,1
BRF:8
BRH:1
end_of_record
TN:
SF:/home/novak/testing/PSAngularUnitTestingCourse/src/app/hero.ts
FN:1,(anonymous_0)
FNF:1
FNH:1
FNDA:1,(anonymous_0)
DA:1,1
DA:5,1
LF:2
LH:2
BRF:0
BRH:0
end_of_record
TN:
SF:/home/novak/testing/PSAngularUnitTestingCourse/src/app/message.service.ts
FN:4,(anonymous_1)
FN:3,MessageService
FN:7,(anonymous_3)
FN:11,(anonymous_4)
FNF:4
FNH:4
FNDA:1,(anonymous_1)
FNDA:3,MessageService
FNDA:2,(anonymous_3)
FNDA:1,(anonymous_4)
DA:1,1
DA:4,1
DA:5,3
DA:7,1
DA:8,2
DA:11,1
DA:12,1
DA:14,1
LF:8
LH:8
BRF:0
BRH:0
end_of_record
TN:
SF:/home/novak/testing/PSAngularUnitTestingCourse/src/app/hero/hero.component.ts
FN:9,(anonymous_2)
FN:4,HeroComponent
FN:13,(anonymous_4)
FNF:3
FNH:2
FNDA:1,(anonymous_2)
FNDA:11,HeroComponent
FNDA:0,(anonymous_4)
DA:1,1
DA:2,1
DA:9,1
DA:10,1
DA:11,12
DA:13,1
DA:14,0
DA:15,0
DA:17,1
LF:9
LH:7
BRF:0
BRH:0
end_of_record
TN:
SF:/home/novak/testing/PSAngularUnitTestingCourse/src/app/hero-detail/hero-detail.component.ts
FN:13,(anonymous_2)
FN:16,HeroDetailComponent
FN:22,(anonymous_4)
FN:26,(anonymous_5)
FN:28,(anonymous_6)
FN:31,(anonymous_7)
FN:35,(anonymous_8)
FN:36,(anonymous_9)
FNF:8
FNH:5
FNDA:1,(anonymous_2)
FNDA:1,HeroDetailComponent
FNDA:1,(anonymous_4)
FNDA:1,(anonymous_5)
FNDA:1,(anonymous_6)
FNDA:0,(anonymous_7)
FNDA:0,(anonymous_8)
FNDA:0,(anonymous_9)
DA:1,1
DA:2,1
DA:3,1
DA:5,1
DA:6,1
DA:13,1
DA:14,1
DA:17,1
DA:18,1
DA:19,1
DA:22,1
DA:23,1
DA:26,1
DA:27,1
DA:28,1
DA:31,1
DA:32,0
DA:35,1
DA:36,0
DA:38,1
LF:20
LH:18
BRF:0
BRH:0
end_of_record
TN:
SF:/home/novak/testing/PSAngularUnitTestingCourse/src/app/heroes/heroes.component.ts
FN:11,(anonymous_2)
FN:14,HeroesComponent
FN:16,(anonymous_4)
FN:20,(anonymous_5)
FN:22,(anonymous_6)
FN:25,(anonymous_7)
FN:30,(anonymous_8)
FN:35,(anonymous_9)
FN:36,(anonymous_10)
FNF:9
FNH:9
FNDA:1,(anonymous_2)
FNDA:8,HeroesComponent
FNDA:6,(anonymous_4)
FNDA:6,(anonymous_5)
FNDA:6,(anonymous_6)
FNDA:1,(anonymous_7)
FNDA:1,(anonymous_8)
FNDA:2,(anonymous_9)
FNDA:4,(anonymous_10)
DA:1,1
DA:4,1
DA:11,1
DA:14,8
DA:16,1
DA:17,6
DA:20,6
DA:21,6
DA:22,6
DA:25,1
DA:26,1
DA:27,1
DA:28,1
DA:29,1
DA:31,1
DA:35,1
DA:36,4
DA:37,2
DA:40,1
LF:19
LH:19
BRDA:28,0,0,0
BRDA:28,0,1,1
BRF:2
BRH:1
end_of_record
TN:
SF:/home/novak/testing/PSAngularUnitTestingCourse/src/app/strength/strength.pipe.ts
FN:6,(anonymous_1)
FN:7,(anonymous_3)
FNF:2
FNH:2
FNDA:4,(anonymous_1)
FNDA:3,(anonymous_3)
DA:1,1
DA:6,1
DA:7,1
DA:8,3
DA:9,1
DA:10,2
DA:11,1
DA:13,1
DA:16,1
LF:9
LH:9
BRDA:8,0,0,1
BRDA:8,0,1,2
BRDA:10,1,0,1
BRDA:10,1,1,1
BRDA:10,2,0,2
BRDA:10,2,1,2
BRF:6
BRH:6
end_of_record
